<?xml version="1.0" encoding="UTF-8"?>
<testsuite xmlns:xsi="http://www.w3.org/2001/XMLSchema-instance" xsi:noNamespaceSchemaLocation="https://maven.apache.org/surefire/maven-surefire-plugin/xsd/surefire-test-report.xsd" name="cs636.music.dao.DownloadDAOTest" time="0.665" tests="1" errors="0" skipped="0" failures="0">
  <properties>
    <property name="awt.toolkit" value="sun.awt.X11.XToolkit"/>
    <property name="file.encoding.pkg" value="sun.io"/>
    <property name="java.specification.version" value="1.8"/>
    <property name="sun.cpu.isalist" value=""/>
    <property name="sun.jnu.encoding" value="UTF-8"/>
    <property name="java.class.path" value="/courses/cs636/s20/eoneil/jenish/pa2/target/test-classes:/courses/cs636/s20/eoneil/jenish/pa2/target/classes:/home/jenish/.m2/repository/oracle/ojdbc6/11.2.0.3/ojdbc6-11.2.0.3.jar:/home/jenish/.m2/repository/org/springframework/boot/spring-boot-starter-web/2.1.12.RELEASE/spring-boot-starter-web-2.1.12.RELEASE.jar:/home/jenish/.m2/repository/org/springframework/boot/spring-boot-starter/2.1.12.RELEASE/spring-boot-starter-2.1.12.RELEASE.jar:/home/jenish/.m2/repository/org/springframework/boot/spring-boot/2.1.12.RELEASE/spring-boot-2.1.12.RELEASE.jar:/home/jenish/.m2/repository/org/springframework/boot/spring-boot-autoconfigure/2.1.12.RELEASE/spring-boot-autoconfigure-2.1.12.RELEASE.jar:/home/jenish/.m2/repository/org/springframework/boot/spring-boot-starter-logging/2.1.12.RELEASE/spring-boot-starter-logging-2.1.12.RELEASE.jar:/home/jenish/.m2/repository/ch/qos/logback/logback-classic/1.2.3/logback-classic-1.2.3.jar:/home/jenish/.m2/repository/ch/qos/logback/logback-core/1.2.3/logback-core-1.2.3.jar:/home/jenish/.m2/repository/org/apache/logging/log4j/log4j-to-slf4j/2.11.2/log4j-to-slf4j-2.11.2.jar:/home/jenish/.m2/repository/org/apache/logging/log4j/log4j-api/2.11.2/log4j-api-2.11.2.jar:/home/jenish/.m2/repository/org/slf4j/jul-to-slf4j/1.7.30/jul-to-slf4j-1.7.30.jar:/home/jenish/.m2/repository/org/yaml/snakeyaml/1.23/snakeyaml-1.23.jar:/home/jenish/.m2/repository/org/springframework/boot/spring-boot-starter-json/2.1.12.RELEASE/spring-boot-starter-json-2.1.12.RELEASE.jar:/home/jenish/.m2/repository/com/fasterxml/jackson/core/jackson-databind/2.9.10.2/jackson-databind-2.9.10.2.jar:/home/jenish/.m2/repository/com/fasterxml/jackson/core/jackson-annotations/2.9.10/jackson-annotations-2.9.10.jar:/home/jenish/.m2/repository/com/fasterxml/jackson/core/jackson-core/2.9.10/jackson-core-2.9.10.jar:/home/jenish/.m2/repository/com/fasterxml/jackson/datatype/jackson-datatype-jdk8/2.9.10/jackson-datatype-jdk8-2.9.10.jar:/home/jenish/.m2/repository/com/fasterxml/jackson/datatype/jackson-datatype-jsr310/2.9.10/jackson-datatype-jsr310-2.9.10.jar:/home/jenish/.m2/repository/com/fasterxml/jackson/module/jackson-module-parameter-names/2.9.10/jackson-module-parameter-names-2.9.10.jar:/home/jenish/.m2/repository/org/hibernate/validator/hibernate-validator/6.0.18.Final/hibernate-validator-6.0.18.Final.jar:/home/jenish/.m2/repository/javax/validation/validation-api/2.0.1.Final/validation-api-2.0.1.Final.jar:/home/jenish/.m2/repository/org/jboss/logging/jboss-logging/3.3.3.Final/jboss-logging-3.3.3.Final.jar:/home/jenish/.m2/repository/com/fasterxml/classmate/1.4.0/classmate-1.4.0.jar:/home/jenish/.m2/repository/org/springframework/spring-web/5.1.13.RELEASE/spring-web-5.1.13.RELEASE.jar:/home/jenish/.m2/repository/org/springframework/spring-beans/5.1.13.RELEASE/spring-beans-5.1.13.RELEASE.jar:/home/jenish/.m2/repository/org/springframework/spring-webmvc/5.1.13.RELEASE/spring-webmvc-5.1.13.RELEASE.jar:/home/jenish/.m2/repository/org/springframework/spring-aop/5.1.13.RELEASE/spring-aop-5.1.13.RELEASE.jar:/home/jenish/.m2/repository/org/springframework/spring-context/5.1.13.RELEASE/spring-context-5.1.13.RELEASE.jar:/home/jenish/.m2/repository/org/springframework/spring-expression/5.1.13.RELEASE/spring-expression-5.1.13.RELEASE.jar:/home/jenish/.m2/repository/org/springframework/boot/spring-boot-starter-tomcat/2.1.12.RELEASE/spring-boot-starter-tomcat-2.1.12.RELEASE.jar:/home/jenish/.m2/repository/javax/annotation/javax.annotation-api/1.3.2/javax.annotation-api-1.3.2.jar:/home/jenish/.m2/repository/org/apache/tomcat/embed/tomcat-embed-core/9.0.30/tomcat-embed-core-9.0.30.jar:/home/jenish/.m2/repository/org/apache/tomcat/embed/tomcat-embed-el/9.0.30/tomcat-embed-el-9.0.30.jar:/home/jenish/.m2/repository/org/apache/tomcat/embed/tomcat-embed-websocket/9.0.30/tomcat-embed-websocket-9.0.30.jar:/home/jenish/.m2/repository/org/springframework/boot/spring-boot-starter-jdbc/2.1.12.RELEASE/spring-boot-starter-jdbc-2.1.12.RELEASE.jar:/home/jenish/.m2/repository/com/zaxxer/HikariCP/3.2.0/HikariCP-3.2.0.jar:/home/jenish/.m2/repository/org/slf4j/slf4j-api/1.7.30/slf4j-api-1.7.30.jar:/home/jenish/.m2/repository/org/springframework/spring-jdbc/5.1.13.RELEASE/spring-jdbc-5.1.13.RELEASE.jar:/home/jenish/.m2/repository/org/springframework/spring-tx/5.1.13.RELEASE/spring-tx-5.1.13.RELEASE.jar:/home/jenish/.m2/repository/mysql/mysql-connector-java/8.0.19/mysql-connector-java-8.0.19.jar:/home/jenish/.m2/repository/com/h2database/h2/1.4.200/h2-1.4.200.jar:/home/jenish/.m2/repository/org/apache/tomcat/embed/tomcat-embed-jasper/9.0.30/tomcat-embed-jasper-9.0.30.jar:/home/jenish/.m2/repository/org/eclipse/jdt/ecj/3.18.0/ecj-3.18.0.jar:/home/jenish/.m2/repository/javax/servlet/jstl/1.2/jstl-1.2.jar:/home/jenish/.m2/repository/org/springframework/boot/spring-boot-starter-actuator/2.1.12.RELEASE/spring-boot-starter-actuator-2.1.12.RELEASE.jar:/home/jenish/.m2/repository/org/springframework/boot/spring-boot-actuator-autoconfigure/2.1.12.RELEASE/spring-boot-actuator-autoconfigure-2.1.12.RELEASE.jar:/home/jenish/.m2/repository/org/springframework/boot/spring-boot-actuator/2.1.12.RELEASE/spring-boot-actuator-2.1.12.RELEASE.jar:/home/jenish/.m2/repository/io/micrometer/micrometer-core/1.1.9/micrometer-core-1.1.9.jar:/home/jenish/.m2/repository/org/hdrhistogram/HdrHistogram/2.1.9/HdrHistogram-2.1.9.jar:/home/jenish/.m2/repository/org/latencyutils/LatencyUtils/2.0.3/LatencyUtils-2.0.3.jar:/home/jenish/.m2/repository/org/springframework/boot/spring-boot-starter-test/2.1.12.RELEASE/spring-boot-starter-test-2.1.12.RELEASE.jar:/home/jenish/.m2/repository/org/springframework/boot/spring-boot-test/2.1.12.RELEASE/spring-boot-test-2.1.12.RELEASE.jar:/home/jenish/.m2/repository/org/springframework/boot/spring-boot-test-autoconfigure/2.1.12.RELEASE/spring-boot-test-autoconfigure-2.1.12.RELEASE.jar:/home/jenish/.m2/repository/com/jayway/jsonpath/json-path/2.4.0/json-path-2.4.0.jar:/home/jenish/.m2/repository/net/minidev/json-smart/2.3/json-smart-2.3.jar:/home/jenish/.m2/repository/net/minidev/accessors-smart/1.2/accessors-smart-1.2.jar:/home/jenish/.m2/repository/org/ow2/asm/asm/5.0.4/asm-5.0.4.jar:/home/jenish/.m2/repository/junit/junit/4.12/junit-4.12.jar:/home/jenish/.m2/repository/org/assertj/assertj-core/3.11.1/assertj-core-3.11.1.jar:/home/jenish/.m2/repository/org/mockito/mockito-core/2.23.4/mockito-core-2.23.4.jar:/home/jenish/.m2/repository/net/bytebuddy/byte-buddy-agent/1.9.16/byte-buddy-agent-1.9.16.jar:/home/jenish/.m2/repository/org/objenesis/objenesis/2.6/objenesis-2.6.jar:/home/jenish/.m2/repository/org/hamcrest/hamcrest-core/1.3/hamcrest-core-1.3.jar:/home/jenish/.m2/repository/org/hamcrest/hamcrest-library/1.3/hamcrest-library-1.3.jar:/home/jenish/.m2/repository/org/skyscreamer/jsonassert/1.5.0/jsonassert-1.5.0.jar:/home/jenish/.m2/repository/com/vaadin/external/google/android-json/0.0.20131108.vaadin1/android-json-0.0.20131108.vaadin1.jar:/home/jenish/.m2/repository/org/springframework/spring-core/5.1.13.RELEASE/spring-core-5.1.13.RELEASE.jar:/home/jenish/.m2/repository/org/springframework/spring-test/5.1.13.RELEASE/spring-test-5.1.13.RELEASE.jar:/home/jenish/.m2/repository/org/xmlunit/xmlunit-core/2.6.3/xmlunit-core-2.6.3.jar:/home/jenish/.m2/repository/org/springframework/session/spring-session-core/2.1.9.RELEASE/spring-session-core-2.1.9.RELEASE.jar:/home/jenish/.m2/repository/org/springframework/spring-jcl/5.1.13.RELEASE/spring-jcl-5.1.13.RELEASE.jar:/home/jenish/.m2/repository/org/seleniumhq/selenium/selenium-java/3.14.0/selenium-java-3.14.0.jar:/home/jenish/.m2/repository/org/seleniumhq/selenium/selenium-api/3.14.0/selenium-api-3.14.0.jar:/home/jenish/.m2/repository/org/seleniumhq/selenium/selenium-chrome-driver/3.14.0/selenium-chrome-driver-3.14.0.jar:/home/jenish/.m2/repository/org/seleniumhq/selenium/selenium-edge-driver/3.14.0/selenium-edge-driver-3.14.0.jar:/home/jenish/.m2/repository/org/seleniumhq/selenium/selenium-firefox-driver/3.14.0/selenium-firefox-driver-3.14.0.jar:/home/jenish/.m2/repository/org/seleniumhq/selenium/selenium-ie-driver/3.14.0/selenium-ie-driver-3.14.0.jar:/home/jenish/.m2/repository/org/seleniumhq/selenium/selenium-opera-driver/3.14.0/selenium-opera-driver-3.14.0.jar:/home/jenish/.m2/repository/org/seleniumhq/selenium/selenium-remote-driver/3.14.0/selenium-remote-driver-3.14.0.jar:/home/jenish/.m2/repository/org/seleniumhq/selenium/selenium-safari-driver/3.14.0/selenium-safari-driver-3.14.0.jar:/home/jenish/.m2/repository/org/seleniumhq/selenium/selenium-support/3.14.0/selenium-support-3.14.0.jar:/home/jenish/.m2/repository/net/bytebuddy/byte-buddy/1.9.16/byte-buddy-1.9.16.jar:/home/jenish/.m2/repository/org/apache/commons/commons-exec/1.3/commons-exec-1.3.jar:/home/jenish/.m2/repository/commons-codec/commons-codec/1.11/commons-codec-1.11.jar:/home/jenish/.m2/repository/commons-logging/commons-logging/1.2/commons-logging-1.2.jar:/home/jenish/.m2/repository/com/google/guava/guava/25.0-jre/guava-25.0-jre.jar:/home/jenish/.m2/repository/com/google/code/findbugs/jsr305/1.3.9/jsr305-1.3.9.jar:/home/jenish/.m2/repository/org/checkerframework/checker-compat-qual/2.0.0/checker-compat-qual-2.0.0.jar:/home/jenish/.m2/repository/com/google/errorprone/error_prone_annotations/2.1.3/error_prone_annotations-2.1.3.jar:/home/jenish/.m2/repository/com/google/j2objc/j2objc-annotations/1.1/j2objc-annotations-1.1.jar:/home/jenish/.m2/repository/org/codehaus/mojo/animal-sniffer-annotations/1.14/animal-sniffer-annotations-1.14.jar:/home/jenish/.m2/repository/org/apache/httpcomponents/httpclient/4.5.10/httpclient-4.5.10.jar:/home/jenish/.m2/repository/org/apache/httpcomponents/httpcore/4.4.13/httpcore-4.4.13.jar:/home/jenish/.m2/repository/com/squareup/okhttp3/okhttp/3.10.0/okhttp-3.10.0.jar:/home/jenish/.m2/repository/com/squareup/okio/okio/1.14.1/okio-1.14.1.jar:"/>
    <property name="java.vm.vendor" value="Oracle Corporation"/>
    <property name="sun.arch.data.model" value="64"/>
    <property name="java.vendor.url" value="http://java.oracle.com/"/>
    <property name="user.timezone" value=""/>
    <property name="java.vm.specification.version" value="1.8"/>
    <property name="os.name" value="Linux"/>
    <property name="user.country" value="US"/>
    <property name="sun.java.launcher" value="SUN_STANDARD"/>
    <property name="sun.boot.library.path" value="/usr/lib/jvm/java-8-oracle/jre/lib/amd64"/>
    <property name="sun.java.command" value="/courses/cs636/s20/eoneil/jenish/pa2/target/surefire/surefirebooter7120651310916044132.jar /courses/cs636/s20/eoneil/jenish/pa2/target/surefire 2020-05-09T15-11-53_067-jvmRun1 surefire4626756277419270588tmp surefire_04455896731447247742tmp"/>
    <property name="surefire.test.class.path" value="/courses/cs636/s20/eoneil/jenish/pa2/target/test-classes:/courses/cs636/s20/eoneil/jenish/pa2/target/classes:/home/jenish/.m2/repository/oracle/ojdbc6/11.2.0.3/ojdbc6-11.2.0.3.jar:/home/jenish/.m2/repository/org/springframework/boot/spring-boot-starter-web/2.1.12.RELEASE/spring-boot-starter-web-2.1.12.RELEASE.jar:/home/jenish/.m2/repository/org/springframework/boot/spring-boot-starter/2.1.12.RELEASE/spring-boot-starter-2.1.12.RELEASE.jar:/home/jenish/.m2/repository/org/springframework/boot/spring-boot/2.1.12.RELEASE/spring-boot-2.1.12.RELEASE.jar:/home/jenish/.m2/repository/org/springframework/boot/spring-boot-autoconfigure/2.1.12.RELEASE/spring-boot-autoconfigure-2.1.12.RELEASE.jar:/home/jenish/.m2/repository/org/springframework/boot/spring-boot-starter-logging/2.1.12.RELEASE/spring-boot-starter-logging-2.1.12.RELEASE.jar:/home/jenish/.m2/repository/ch/qos/logback/logback-classic/1.2.3/logback-classic-1.2.3.jar:/home/jenish/.m2/repository/ch/qos/logback/logback-core/1.2.3/logback-core-1.2.3.jar:/home/jenish/.m2/repository/org/apache/logging/log4j/log4j-to-slf4j/2.11.2/log4j-to-slf4j-2.11.2.jar:/home/jenish/.m2/repository/org/apache/logging/log4j/log4j-api/2.11.2/log4j-api-2.11.2.jar:/home/jenish/.m2/repository/org/slf4j/jul-to-slf4j/1.7.30/jul-to-slf4j-1.7.30.jar:/home/jenish/.m2/repository/org/yaml/snakeyaml/1.23/snakeyaml-1.23.jar:/home/jenish/.m2/repository/org/springframework/boot/spring-boot-starter-json/2.1.12.RELEASE/spring-boot-starter-json-2.1.12.RELEASE.jar:/home/jenish/.m2/repository/com/fasterxml/jackson/core/jackson-databind/2.9.10.2/jackson-databind-2.9.10.2.jar:/home/jenish/.m2/repository/com/fasterxml/jackson/core/jackson-annotations/2.9.10/jackson-annotations-2.9.10.jar:/home/jenish/.m2/repository/com/fasterxml/jackson/core/jackson-core/2.9.10/jackson-core-2.9.10.jar:/home/jenish/.m2/repository/com/fasterxml/jackson/datatype/jackson-datatype-jdk8/2.9.10/jackson-datatype-jdk8-2.9.10.jar:/home/jenish/.m2/repository/com/fasterxml/jackson/datatype/jackson-datatype-jsr310/2.9.10/jackson-datatype-jsr310-2.9.10.jar:/home/jenish/.m2/repository/com/fasterxml/jackson/module/jackson-module-parameter-names/2.9.10/jackson-module-parameter-names-2.9.10.jar:/home/jenish/.m2/repository/org/hibernate/validator/hibernate-validator/6.0.18.Final/hibernate-validator-6.0.18.Final.jar:/home/jenish/.m2/repository/javax/validation/validation-api/2.0.1.Final/validation-api-2.0.1.Final.jar:/home/jenish/.m2/repository/org/jboss/logging/jboss-logging/3.3.3.Final/jboss-logging-3.3.3.Final.jar:/home/jenish/.m2/repository/com/fasterxml/classmate/1.4.0/classmate-1.4.0.jar:/home/jenish/.m2/repository/org/springframework/spring-web/5.1.13.RELEASE/spring-web-5.1.13.RELEASE.jar:/home/jenish/.m2/repository/org/springframework/spring-beans/5.1.13.RELEASE/spring-beans-5.1.13.RELEASE.jar:/home/jenish/.m2/repository/org/springframework/spring-webmvc/5.1.13.RELEASE/spring-webmvc-5.1.13.RELEASE.jar:/home/jenish/.m2/repository/org/springframework/spring-aop/5.1.13.RELEASE/spring-aop-5.1.13.RELEASE.jar:/home/jenish/.m2/repository/org/springframework/spring-context/5.1.13.RELEASE/spring-context-5.1.13.RELEASE.jar:/home/jenish/.m2/repository/org/springframework/spring-expression/5.1.13.RELEASE/spring-expression-5.1.13.RELEASE.jar:/home/jenish/.m2/repository/org/springframework/boot/spring-boot-starter-tomcat/2.1.12.RELEASE/spring-boot-starter-tomcat-2.1.12.RELEASE.jar:/home/jenish/.m2/repository/javax/annotation/javax.annotation-api/1.3.2/javax.annotation-api-1.3.2.jar:/home/jenish/.m2/repository/org/apache/tomcat/embed/tomcat-embed-core/9.0.30/tomcat-embed-core-9.0.30.jar:/home/jenish/.m2/repository/org/apache/tomcat/embed/tomcat-embed-el/9.0.30/tomcat-embed-el-9.0.30.jar:/home/jenish/.m2/repository/org/apache/tomcat/embed/tomcat-embed-websocket/9.0.30/tomcat-embed-websocket-9.0.30.jar:/home/jenish/.m2/repository/org/springframework/boot/spring-boot-starter-jdbc/2.1.12.RELEASE/spring-boot-starter-jdbc-2.1.12.RELEASE.jar:/home/jenish/.m2/repository/com/zaxxer/HikariCP/3.2.0/HikariCP-3.2.0.jar:/home/jenish/.m2/repository/org/slf4j/slf4j-api/1.7.30/slf4j-api-1.7.30.jar:/home/jenish/.m2/repository/org/springframework/spring-jdbc/5.1.13.RELEASE/spring-jdbc-5.1.13.RELEASE.jar:/home/jenish/.m2/repository/org/springframework/spring-tx/5.1.13.RELEASE/spring-tx-5.1.13.RELEASE.jar:/home/jenish/.m2/repository/mysql/mysql-connector-java/8.0.19/mysql-connector-java-8.0.19.jar:/home/jenish/.m2/repository/com/h2database/h2/1.4.200/h2-1.4.200.jar:/home/jenish/.m2/repository/org/apache/tomcat/embed/tomcat-embed-jasper/9.0.30/tomcat-embed-jasper-9.0.30.jar:/home/jenish/.m2/repository/org/eclipse/jdt/ecj/3.18.0/ecj-3.18.0.jar:/home/jenish/.m2/repository/javax/servlet/jstl/1.2/jstl-1.2.jar:/home/jenish/.m2/repository/org/springframework/boot/spring-boot-starter-actuator/2.1.12.RELEASE/spring-boot-starter-actuator-2.1.12.RELEASE.jar:/home/jenish/.m2/repository/org/springframework/boot/spring-boot-actuator-autoconfigure/2.1.12.RELEASE/spring-boot-actuator-autoconfigure-2.1.12.RELEASE.jar:/home/jenish/.m2/repository/org/springframework/boot/spring-boot-actuator/2.1.12.RELEASE/spring-boot-actuator-2.1.12.RELEASE.jar:/home/jenish/.m2/repository/io/micrometer/micrometer-core/1.1.9/micrometer-core-1.1.9.jar:/home/jenish/.m2/repository/org/hdrhistogram/HdrHistogram/2.1.9/HdrHistogram-2.1.9.jar:/home/jenish/.m2/repository/org/latencyutils/LatencyUtils/2.0.3/LatencyUtils-2.0.3.jar:/home/jenish/.m2/repository/org/springframework/boot/spring-boot-starter-test/2.1.12.RELEASE/spring-boot-starter-test-2.1.12.RELEASE.jar:/home/jenish/.m2/repository/org/springframework/boot/spring-boot-test/2.1.12.RELEASE/spring-boot-test-2.1.12.RELEASE.jar:/home/jenish/.m2/repository/org/springframework/boot/spring-boot-test-autoconfigure/2.1.12.RELEASE/spring-boot-test-autoconfigure-2.1.12.RELEASE.jar:/home/jenish/.m2/repository/com/jayway/jsonpath/json-path/2.4.0/json-path-2.4.0.jar:/home/jenish/.m2/repository/net/minidev/json-smart/2.3/json-smart-2.3.jar:/home/jenish/.m2/repository/net/minidev/accessors-smart/1.2/accessors-smart-1.2.jar:/home/jenish/.m2/repository/org/ow2/asm/asm/5.0.4/asm-5.0.4.jar:/home/jenish/.m2/repository/junit/junit/4.12/junit-4.12.jar:/home/jenish/.m2/repository/org/assertj/assertj-core/3.11.1/assertj-core-3.11.1.jar:/home/jenish/.m2/repository/org/mockito/mockito-core/2.23.4/mockito-core-2.23.4.jar:/home/jenish/.m2/repository/net/bytebuddy/byte-buddy-agent/1.9.16/byte-buddy-agent-1.9.16.jar:/home/jenish/.m2/repository/org/objenesis/objenesis/2.6/objenesis-2.6.jar:/home/jenish/.m2/repository/org/hamcrest/hamcrest-core/1.3/hamcrest-core-1.3.jar:/home/jenish/.m2/repository/org/hamcrest/hamcrest-library/1.3/hamcrest-library-1.3.jar:/home/jenish/.m2/repository/org/skyscreamer/jsonassert/1.5.0/jsonassert-1.5.0.jar:/home/jenish/.m2/repository/com/vaadin/external/google/android-json/0.0.20131108.vaadin1/android-json-0.0.20131108.vaadin1.jar:/home/jenish/.m2/repository/org/springframework/spring-core/5.1.13.RELEASE/spring-core-5.1.13.RELEASE.jar:/home/jenish/.m2/repository/org/springframework/spring-test/5.1.13.RELEASE/spring-test-5.1.13.RELEASE.jar:/home/jenish/.m2/repository/org/xmlunit/xmlunit-core/2.6.3/xmlunit-core-2.6.3.jar:/home/jenish/.m2/repository/org/springframework/session/spring-session-core/2.1.9.RELEASE/spring-session-core-2.1.9.RELEASE.jar:/home/jenish/.m2/repository/org/springframework/spring-jcl/5.1.13.RELEASE/spring-jcl-5.1.13.RELEASE.jar:/home/jenish/.m2/repository/org/seleniumhq/selenium/selenium-java/3.14.0/selenium-java-3.14.0.jar:/home/jenish/.m2/repository/org/seleniumhq/selenium/selenium-api/3.14.0/selenium-api-3.14.0.jar:/home/jenish/.m2/repository/org/seleniumhq/selenium/selenium-chrome-driver/3.14.0/selenium-chrome-driver-3.14.0.jar:/home/jenish/.m2/repository/org/seleniumhq/selenium/selenium-edge-driver/3.14.0/selenium-edge-driver-3.14.0.jar:/home/jenish/.m2/repository/org/seleniumhq/selenium/selenium-firefox-driver/3.14.0/selenium-firefox-driver-3.14.0.jar:/home/jenish/.m2/repository/org/seleniumhq/selenium/selenium-ie-driver/3.14.0/selenium-ie-driver-3.14.0.jar:/home/jenish/.m2/repository/org/seleniumhq/selenium/selenium-opera-driver/3.14.0/selenium-opera-driver-3.14.0.jar:/home/jenish/.m2/repository/org/seleniumhq/selenium/selenium-remote-driver/3.14.0/selenium-remote-driver-3.14.0.jar:/home/jenish/.m2/repository/org/seleniumhq/selenium/selenium-safari-driver/3.14.0/selenium-safari-driver-3.14.0.jar:/home/jenish/.m2/repository/org/seleniumhq/selenium/selenium-support/3.14.0/selenium-support-3.14.0.jar:/home/jenish/.m2/repository/net/bytebuddy/byte-buddy/1.9.16/byte-buddy-1.9.16.jar:/home/jenish/.m2/repository/org/apache/commons/commons-exec/1.3/commons-exec-1.3.jar:/home/jenish/.m2/repository/commons-codec/commons-codec/1.11/commons-codec-1.11.jar:/home/jenish/.m2/repository/commons-logging/commons-logging/1.2/commons-logging-1.2.jar:/home/jenish/.m2/repository/com/google/guava/guava/25.0-jre/guava-25.0-jre.jar:/home/jenish/.m2/repository/com/google/code/findbugs/jsr305/1.3.9/jsr305-1.3.9.jar:/home/jenish/.m2/repository/org/checkerframework/checker-compat-qual/2.0.0/checker-compat-qual-2.0.0.jar:/home/jenish/.m2/repository/com/google/errorprone/error_prone_annotations/2.1.3/error_prone_annotations-2.1.3.jar:/home/jenish/.m2/repository/com/google/j2objc/j2objc-annotations/1.1/j2objc-annotations-1.1.jar:/home/jenish/.m2/repository/org/codehaus/mojo/animal-sniffer-annotations/1.14/animal-sniffer-annotations-1.14.jar:/home/jenish/.m2/repository/org/apache/httpcomponents/httpclient/4.5.10/httpclient-4.5.10.jar:/home/jenish/.m2/repository/org/apache/httpcomponents/httpcore/4.4.13/httpcore-4.4.13.jar:/home/jenish/.m2/repository/com/squareup/okhttp3/okhttp/3.10.0/okhttp-3.10.0.jar:/home/jenish/.m2/repository/com/squareup/okio/okio/1.14.1/okio-1.14.1.jar:"/>
    <property name="sun.cpu.endian" value="little"/>
    <property name="user.home" value="/home/jenish"/>
    <property name="user.language" value="en"/>
    <property name="java.specification.vendor" value="Oracle Corporation"/>
    <property name="java.home" value="/usr/lib/jvm/java-8-oracle/jre"/>
    <property name="basedir" value="/courses/cs636/s20/eoneil/jenish/pa2"/>
    <property name="file.separator" value="/"/>
    <property name="line.separator" value="&#10;"/>
    <property name="java.vm.specification.vendor" value="Oracle Corporation"/>
    <property name="java.specification.name" value="Java Platform API Specification"/>
    <property name="java.awt.graphicsenv" value="sun.awt.X11GraphicsEnvironment"/>
    <property name="surefire.real.class.path" value="/courses/cs636/s20/eoneil/jenish/pa2/target/surefire/surefirebooter7120651310916044132.jar"/>
    <property name="sun.boot.class.path" value="/usr/lib/jvm/java-8-oracle/jre/lib/resources.jar:/usr/lib/jvm/java-8-oracle/jre/lib/rt.jar:/usr/lib/jvm/java-8-oracle/jre/lib/sunrsasign.jar:/usr/lib/jvm/java-8-oracle/jre/lib/jsse.jar:/usr/lib/jvm/java-8-oracle/jre/lib/jce.jar:/usr/lib/jvm/java-8-oracle/jre/lib/charsets.jar:/usr/lib/jvm/java-8-oracle/jre/lib/jfr.jar:/usr/lib/jvm/java-8-oracle/jre/classes"/>
    <property name="sun.management.compiler" value="HotSpot 64-Bit Tiered Compilers"/>
    <property name="java.runtime.version" value="1.8.0_191-b12"/>
    <property name="user.name" value="jenish"/>
    <property name="path.separator" value=":"/>
    <property name="java.security.egd" value="file:/dev/../dev/urandom"/>
    <property name="os.version" value="3.13.0-170-generic"/>
    <property name="java.endorsed.dirs" value="/usr/lib/jvm/java-8-oracle/jre/lib/endorsed"/>
    <property name="java.runtime.name" value="Java(TM) SE Runtime Environment"/>
    <property name="file.encoding" value="UTF-8"/>
    <property name="java.vm.name" value="Java HotSpot(TM) 64-Bit Server VM"/>
    <property name="localRepository" value="/home/jenish/.m2/repository"/>
    <property name="java.vendor.url.bug" value="http://bugreport.sun.com/bugreport/"/>
    <property name="java.io.tmpdir" value="/tmp"/>
    <property name="java.version" value="1.8.0_191"/>
    <property name="user.dir" value="/courses/cs636/s20/eoneil/jenish/pa2"/>
    <property name="os.arch" value="amd64"/>
    <property name="java.vm.specification.name" value="Java Virtual Machine Specification"/>
    <property name="java.awt.printerjob" value="sun.print.PSPrinterJob"/>
    <property name="sun.os.patch.level" value="unknown"/>
    <property name="java.library.path" value="/usr/lib/oracle/12.1/client64/lib:/usr/java/packages/lib/amd64:/usr/lib64:/lib64:/lib:/usr/lib"/>
    <property name="java.vm.info" value="mixed mode"/>
    <property name="java.vendor" value="Oracle Corporation"/>
    <property name="java.vm.version" value="25.191-b12"/>
    <property name="java.ext.dirs" value="/usr/lib/jvm/java-8-oracle/jre/lib/ext:/usr/java/packages/lib/ext"/>
    <property name="sun.io.unicode.encoding" value="UnicodeLittle"/>
    <property name="java.class.version" value="52.0"/>
  </properties>
  <testcase name="testFindAllDownloads" classname="cs636.music.dao.DownloadDAOTest" time="0.161"/>
</testsuite>